
> dys-detect-temp@0.1.0 build
> next build

▲ Next.js 16.2.0 (Turbopack)

  Creating an optimized production build ...
✓ Compiled successfully in 7.5s
  Running TypeScript ...
  Finished TypeScript in 5.1s ...
  Collecting page data using 9 workers ...
  Generating static pages using 9 workers (0/7) ...
  Generating static pages using 9 workers (1/7) 
  Generating static pages using 9 workers (3/7) 
  Generating static pages using 9 workers (5/7) 
✓ Generating static pages using 9 workers (7/7) in 874ms
  Finalizing page optimization ...

Route (app)
┌ ○ /
├ ○ /_not-found
├ ƒ /api/analyze
├ ƒ /api/transcribe
├ ○ /new-analysis
└ ƒ /results/[id]


○  (Static)   prerendered as static content
ƒ  (Dynamic)  server-rendered on demand

